0 info it worked if it ends with ok
1 verbose cli [ 'C:\\Program Files\\nodejs\\node.exe',
1 verbose cli   'C:\\Program Files\\nodejs\\node_modules\\npm\\bin\\npm-cli.js',
1 verbose cli   'install' ]
2 info using npm@3.10.10
3 info using node@v6.11.2
4 silly loadCurrentTree Starting
5 silly install loadCurrentTree
6 silly install readLocalPackageData
7 silly install normalizeTree
8 silly loadCurrentTree Finishing
9 silly loadIdealTree Starting
10 silly install loadIdealTree
11 silly cloneCurrentTree Starting
12 silly install cloneCurrentTreeToIdealTree
13 silly cloneCurrentTree Finishing
14 silly loadShrinkwrap Starting
15 silly install loadShrinkwrap
16 silly loadShrinkwrap Finishing
17 silly loadAllDepsIntoIdealTree Starting
18 silly install loadAllDepsIntoIdealTree
19 silly fetchNamedPackageData express-generator
20 silly mapToRegistry name express-generator
21 silly mapToRegistry using default registry
22 silly mapToRegistry registry https://registry.npmjs.org/
23 silly mapToRegistry data Result {
23 silly mapToRegistry   raw: 'express-generator',
23 silly mapToRegistry   scope: null,
23 silly mapToRegistry   escapedName: 'express-generator',
23 silly mapToRegistry   name: 'express-generator',
23 silly mapToRegistry   rawSpec: '',
23 silly mapToRegistry   spec: 'latest',
23 silly mapToRegistry   type: 'tag' }
24 silly mapToRegistry uri https://registry.npmjs.org/express-generator
25 verbose request uri https://registry.npmjs.org/express-generator
26 verbose request no auth needed
27 info attempt registry request try #1 at 12:22:29 AM
28 verbose request id 29135c1074e612d0
29 verbose etag W/"59a25688-9f80"
30 verbose lastModified Sun, 27 Aug 2017 05:20:08 GMT
31 http request GET https://registry.npmjs.org/express-generator
32 http 304 https://registry.npmjs.org/express-generator
33 verbose headers { date: 'Thu, 31 Aug 2017 18:52:30 GMT',
33 verbose headers   via: '1.1 varnish',
33 verbose headers   'cache-control': 'max-age=300',
33 verbose headers   etag: 'W/"59a25688-9f80"',
33 verbose headers   age: '0',
33 verbose headers   connection: 'keep-alive',
33 verbose headers   'x-served-by': 'cache-sin18023-SIN',
33 verbose headers   'x-cache': 'HIT',
33 verbose headers   'x-cache-hits': '1',
33 verbose headers   'x-timer': 'S1504205551.563682,VS0,VE258',
33 verbose headers   vary: 'Accept-Encoding, Accept' }
34 silly get cb [ 304,
34 silly get   { date: 'Thu, 31 Aug 2017 18:52:30 GMT',
34 silly get     via: '1.1 varnish',
34 silly get     'cache-control': 'max-age=300',
34 silly get     etag: 'W/"59a25688-9f80"',
34 silly get     age: '0',
34 silly get     connection: 'keep-alive',
34 silly get     'x-served-by': 'cache-sin18023-SIN',
34 silly get     'x-cache': 'HIT',
34 silly get     'x-cache-hits': '1',
34 silly get     'x-timer': 'S1504205551.563682,VS0,VE258',
34 silly get     vary: 'Accept-Encoding, Accept' } ]
35 verbose etag https://registry.npmjs.org/express-generator from cache
36 verbose get saving express-generator to C:\Users\Gayan\AppData\Roaming\npm-cache\registry.npmjs.org\express-generator\.cache.json
37 verbose correctMkdir C:\Users\Gayan\AppData\Roaming\npm-cache correctMkdir not in flight; initializing
38 silly resolveWithNewModule express-generator@4.15.0 checking installable status
39 silly cache add args [ 'express-generator@^4.15.0', null ]
40 verbose cache add spec express-generator@^4.15.0
41 silly cache add parsed spec Result {
41 silly cache add   raw: 'express-generator@^4.15.0',
41 silly cache add   scope: null,
41 silly cache add   escapedName: 'express-generator',
41 silly cache add   name: 'express-generator',
41 silly cache add   rawSpec: '^4.15.0',
41 silly cache add   spec: '>=4.15.0 <5.0.0',
41 silly cache add   type: 'range' }
42 silly addNamed express-generator@>=4.15.0 <5.0.0
43 verbose addNamed ">=4.15.0 <5.0.0" is a valid semver range for express-generator
44 silly addNameRange { name: 'express-generator',
44 silly addNameRange   range: '>=4.15.0 <5.0.0',
44 silly addNameRange   hasData: false }
45 silly mapToRegistry name express-generator
46 silly mapToRegistry using default registry
47 silly mapToRegistry registry https://registry.npmjs.org/
48 silly mapToRegistry data Result {
48 silly mapToRegistry   raw: 'express-generator',
48 silly mapToRegistry   scope: null,
48 silly mapToRegistry   escapedName: 'express-generator',
48 silly mapToRegistry   name: 'express-generator',
48 silly mapToRegistry   rawSpec: '',
48 silly mapToRegistry   spec: 'latest',
48 silly mapToRegistry   type: 'tag' }
49 silly mapToRegistry uri https://registry.npmjs.org/express-generator
50 verbose addNameRange registry:https://registry.npmjs.org/express-generator not in flight; fetching
51 verbose get https://registry.npmjs.org/express-generator not expired, no request
52 silly addNameRange number 2 { name: 'express-generator',
52 silly addNameRange   range: '>=4.15.0 <5.0.0',
52 silly addNameRange   hasData: true }
53 silly addNameRange versions [ 'express-generator',
53 silly addNameRange   [ '1.0.0',
53 silly addNameRange     '3.0.0',
53 silly addNameRange     '4.0.0',
53 silly addNameRange     '4.2.0',
53 silly addNameRange     '4.8.0',
53 silly addNameRange     '4.9.0',
53 silly addNameRange     '4.10.0',
53 silly addNameRange     '4.11.0',
53 silly addNameRange     '4.11.1',
53 silly addNameRange     '4.11.2',
53 silly addNameRange     '4.12.0',
53 silly addNameRange     '4.12.1',
53 silly addNameRange     '4.12.4',
53 silly addNameRange     '4.13.0',
53 silly addNameRange     '4.13.1',
53 silly addNameRange     '4.13.4',
53 silly addNameRange     '4.14.0',
53 silly addNameRange     '4.14.1',
53 silly addNameRange     '4.15.0' ] ]
54 silly addNamed express-generator@4.15.0
55 verbose addNamed "4.15.0" is a plain semver version for express-generator
56 silly cache afterAdd express-generator@4.15.0
57 verbose afterAdd C:\Users\Gayan\AppData\Roaming\npm-cache\express-generator\4.15.0\package\package.json not in flight; writing
58 verbose correctMkdir C:\Users\Gayan\AppData\Roaming\npm-cache correctMkdir not in flight; initializing
59 verbose afterAdd C:\Users\Gayan\AppData\Roaming\npm-cache\express-generator\4.15.0\package\package.json written
60 silly fetchNamedPackageData commander
61 silly mapToRegistry name commander
62 silly mapToRegistry using default registry
63 silly mapToRegistry registry https://registry.npmjs.org/
64 silly mapToRegistry data Result {
64 silly mapToRegistry   raw: 'commander',
64 silly mapToRegistry   scope: null,
64 silly mapToRegistry   escapedName: 'commander',
64 silly mapToRegistry   name: 'commander',
64 silly mapToRegistry   rawSpec: '',
64 silly mapToRegistry   spec: 'latest',
64 silly mapToRegistry   type: 'tag' }
65 silly mapToRegistry uri https://registry.npmjs.org/commander
66 silly fetchNamedPackageData ejs
67 silly mapToRegistry name ejs
68 silly mapToRegistry using default registry
69 silly mapToRegistry registry https://registry.npmjs.org/
70 silly mapToRegistry data Result {
70 silly mapToRegistry   raw: 'ejs',
70 silly mapToRegistry   scope: null,
70 silly mapToRegistry   escapedName: 'ejs',
70 silly mapToRegistry   name: 'ejs',
70 silly mapToRegistry   rawSpec: '',
70 silly mapToRegistry   spec: 'latest',
70 silly mapToRegistry   type: 'tag' }
71 silly mapToRegistry uri https://registry.npmjs.org/ejs
72 silly fetchNamedPackageData sorted-object
73 silly mapToRegistry name sorted-object
74 silly mapToRegistry using default registry
75 silly mapToRegistry registry https://registry.npmjs.org/
76 silly mapToRegistry data Result {
76 silly mapToRegistry   raw: 'sorted-object',
76 silly mapToRegistry   scope: null,
76 silly mapToRegistry   escapedName: 'sorted-object',
76 silly mapToRegistry   name: 'sorted-object',
76 silly mapToRegistry   rawSpec: '',
76 silly mapToRegistry   spec: 'latest',
76 silly mapToRegistry   type: 'tag' }
77 silly mapToRegistry uri https://registry.npmjs.org/sorted-object
78 verbose request uri https://registry.npmjs.org/commander
79 verbose request no auth needed
80 info attempt registry request try #1 at 12:22:32 AM
81 verbose etag W/"59a77acf-11581"
82 verbose lastModified Thu, 31 Aug 2017 02:56:15 GMT
83 http request GET https://registry.npmjs.org/commander
84 verbose request uri https://registry.npmjs.org/sorted-object
85 verbose request no auth needed
86 info attempt registry request try #1 at 12:22:32 AM
87 verbose etag W/"57d499b1-1545"
88 verbose lastModified Sat, 10 Sep 2016 23:39:29 GMT
89 http request GET https://registry.npmjs.org/sorted-object
90 verbose request uri https://registry.npmjs.org/ejs
91 verbose request no auth needed
92 info attempt registry request try #1 at 12:22:32 AM
93 verbose etag W/"599be395-112b1"
94 verbose lastModified Tue, 22 Aug 2017 07:56:05 GMT
95 http request GET https://registry.npmjs.org/ejs
96 verbose stack Error: kill ENOSYS
96 verbose stack     at exports._errnoException (util.js:1020:11)
96 verbose stack     at process.kill (internal/process.js:190:13)
96 verbose stack     at process.listener (C:\Program Files\nodejs\node_modules\npm\node_modules\npmlog\node_modules\gauge\node_modules\signal-exit\index.js:86:15)
96 verbose stack     at emitNone (events.js:91:20)
96 verbose stack     at process.emit (events.js:185:7)
96 verbose stack     at processEmit (C:\Program Files\nodejs\node_modules\npm\node_modules\npmlog\node_modules\gauge\node_modules\signal-exit\index.js:146:32)
96 verbose stack     at processEmit (C:\Program Files\nodejs\node_modules\npm\node_modules\npm-registry-client\node_modules\npmlog\node_modules\gauge\node_modules\signal-exit\index.js:146:32)
96 verbose stack     at Signal.wrap.onsignal (internal/process.js:217:44)
97 verbose cwd C:\Users\Gayan\Documents\project
98 error Windows_NT 10.0.15063
99 error argv "C:\\Program Files\\nodejs\\node.exe" "C:\\Program Files\\nodejs\\node_modules\\npm\\bin\\npm-cli.js" "install"
100 error node v6.11.2
101 error npm  v3.10.10
102 error code ENOSYS
103 error errno ENOSYS
104 error syscall kill
105 error kill ENOSYS
106 error If you need help, you may report this error at:
106 error     <https://github.com/npm/npm/issues>
107 verbose exit [ 1, true ]
